{"method":"GET","path":"/read-list/all","time":177}
{"method":"GET","path":"/read-list/all","time":15}
{"method":"GET","path":"/read-list/all","time":559}
{"method":"GET","path":"/read-list/all","time":97}
{"method":"GET","path":"/read-list/all","time":109}
{"method":"GET","path":"/read-list/all","time":20}
{"method":"GET","path":"/read-list/all","time":113}
{"method":"GET","path":"/read-list/all","time":100}
{"method":"GET","path":"/read-list/all","time":81}
{"method":"GET","path":"/read-list/user/61c383158e30448d98dc5dd2","time":67}
{"method":"GET","path":"/read-list/auth/user","time":24}
{"method":"GET","path":"/read-list/auth/user","time":65}
{"method":"GET","path":"/read-list/auth/user","time":68}
{"method":"GET","path":"/read-list/auth/user","time":116}
{"method":"GET","path":"/read-list/auth/user","time":76}
{"method":"GET","path":"/read-list/auth/user","time":71}
{"method":"GET","path":"/read-list/auth/user","time":103}
{"method":"GET","path":"/read-list/auth/user","time":97}
{"method":"GET","path":"/read-list/all","time":30}
{"method":"GET","path":"/user-profile","time":15}
{"method":"GET","path":"/read-list/auth/user","time":16}
{"method":"GET","path":"/read-list/all","time":596}
{"method":"POST","path":"/notes/read-list/join","time":2}
{"method":"POST","path":"/notes/read-list/join/request","time":13}
{"method":"POST","path":"/notes/read-list/join","time":5}
{"method":"POST","path":"/notes/read-list/join/request","time":2}
{"method":"PATCH","path":"/read-list/join/request","time":40}
{"method":"POST","path":"/request-ac-verification","time":6189}
{"method":"POST","path":"/verify-email/819587","time":2216}
{"method":"PATCH","path":"/read-list/join/request","time":9}
{"method":"GET","path":"/read-list/all","time":31}
{"method":"GET","path":"/user-profile","time":12}
{"method":"GET","path":"/read-list/all","time":30}
{"method":"GET","path":"/user-profile","time":8}
{"method":"GET","path":"/read-list/all","time":79}
{"method":"GET","path":"/read-list/all","time":45}
{"method":"GET","path":"/check-username/gaurav4149singh@gmail.com","time":949}
{"method":"GET","path":"/check-username/h","time":30}
{"method":"GET","path":"/check-username/he","time":44}
{"method":"GET","path":"/check-username/hey","time":10}
{"method":"GET","path":"/check-username/he","time":6}
{"method":"GET","path":"/check-username/h","time":16}
{"method":"GET","path":"/auth/check-username/","time":39}
{"method":"GET","path":"/check-username/g","time":10}
{"method":"GET","path":"/check-username/ga","time":10}
{"method":"GET","path":"/check-username/gau","time":10}
{"method":"GET","path":"/check-username/gaur","time":9}
{"method":"GET","path":"/check-username/gaura","time":9}
{"method":"GET","path":"/check-username/gaurav","time":9}
{"method":"GET","path":"/check-username/gaura","time":9}
{"method":"GET","path":"/check-username/gaur","time":5}
{"method":"GET","path":"/check-username/gau","time":9}
{"method":"GET","path":"/check-username/ga","time":9}
{"method":"GET","path":"/check-username/g","time":11}
{"method":"GET","path":"/auth/check-username/","time":3}
{"method":"GET","path":"/check-username/f","time":3}
{"method":"GET","path":"/check-username/fr","time":9}
{"method":"GET","path":"/check-username/fre","time":9}
{"method":"GET","path":"/check-username/fren","time":11}
{"method":"GET","path":"/check-username/frenz","time":9}
{"method":"GET","path":"/check-username/frenzy","time":8}
{"method":"GET","path":"/check-username/frenzycoder","time":8}
{"method":"GET","path":"/check-username/heryuk","time":9}
{"method":"GET","path":"/check-username/heryuu","time":8}
{"method":"GET","path":"/check-username/heryuj","time":9}
{"method":"GET","path":"/check-username/heryuk","time":6}
{"method":"GET","path":"/check-username/gaurav4149singh@","time":8}
{"method":"GET","path":"/check-username/gaurav4149singh@o","time":3}
{"method":"GET","path":"/check-username/gaurav4149singh@ou","time":8}
{"method":"GET","path":"/check-username/gaurav4149singh@out","time":7}
{"method":"GET","path":"/check-username/gaurav4149singh@outl","time":8}
{"method":"GET","path":"/check-username/gaurav4149singh@outlo","time":8}
{"method":"GET","path":"/check-username/gaurav4149singh@outloo","time":8}
{"method":"GET","path":"/check-username/gaurav4149singh@outlook","time":9}
{"method":"GET","path":"/check-username/gaurav4149singh@outlook.","time":8}
{"method":"GET","path":"/check-username/gaurav4149singh@outlook.c","time":5}
{"method":"GET","path":"/check-username/gaurav4149singh@outlook.co","time":13}
{"method":"GET","path":"/check-username/gaurav4149singh@outlook.com","time":6}
{"method":"GET","path":"/check-username/gaurav4149singh@outlook.co","time":8}
{"method":"GET","path":"/check-username/gaurav4149singh@outlook.c","time":8}
{"method":"GET","path":"/check-username/frenzy","time":9}
{"method":"GET","path":"/check-username/frenzyc","time":10}
{"method":"GET","path":"/check-username/frenzyco","time":8}
{"method":"GET","path":"/check-username/frenzycod","time":9}
{"method":"GET","path":"/check-username/frenzycode","time":16}
{"method":"GET","path":"/check-username/frenzycoder","time":11}
{"method":"GET","path":"/check-username/gaurav4149singh@gmail.c","time":8}
{"method":"GET","path":"/check-username/gaurav4149singh@gmail.co","time":8}
{"method":"GET","path":"/check-username/gaurav4149singh@gmail.com","time":8}
{"method":"GET","path":"/check-username/frenzycoder","time":8}
{"method":"GET","path":"/check-username/frenzycode","time":8}
{"method":"GET","path":"/check-username/frenzycod","time":14}
{"method":"GET","path":"/check-username/frenzyco","time":12}
{"method":"GET","path":"/check-username/frenzyc","time":8}
{"method":"GET","path":"/check-username/frenzy","time":2}
{"method":"GET","path":"/check-username/frenzy","time":9}
{"method":"GET","path":"/check-username/frenzyc","time":8}
{"method":"GET","path":"/check-username/frenzyco","time":8}
{"method":"GET","path":"/check-username/frenzycod","time":8}
{"method":"GET","path":"/check-username/frenzycode","time":8}
{"method":"GET","path":"/check-username/frenzycoder","time":6}
{"method":"GET","path":"/check-username/frenzycoder7","time":10}
{"method":"GET","path":"/check-username/frenzycoder7","time":5}
{"method":"GET","path":"/check-username/frenzy","time":146}
{"method":"GET","path":"/check-username/frenzyc","time":6}
{"method":"GET","path":"/check-username/frenzyco","time":11}
{"method":"GET","path":"/check-username/frenzycod","time":14}
{"method":"GET","path":"/check-username/frenzycode","time":12}
{"method":"GET","path":"/check-username/frenzycoder","time":3}
{"method":"GET","path":"/check-username/gaurav4149singh@gmail.c","time":19}
{"method":"GET","path":"/check-username/gaurav4149singh@gmail.co","time":20}
{"method":"GET","path":"/check-username/gaurav4149singh@gmail.com","time":12}
{"method":"POST","path":"/register-user","time":5}
{"method":"GET","path":"/check-username/frenzy","time":4}
{"method":"GET","path":"/check-username/frenzyc","time":5}
{"method":"GET","path":"/check-username/frenzyco","time":9}
{"method":"GET","path":"/check-username/frenzycod","time":10}
{"method":"GET","path":"/check-username/frenzycode","time":9}
{"method":"GET","path":"/check-username/frenzycoder","time":9}
{"method":"GET","path":"/check-username/gaurav4149singh@outlook.com","time":5}
{"method":"GET","path":"/check-username/gaurav4149singh@outlook.co","time":14}
{"method":"GET","path":"/check-username/gaurav4149singh@outlook.c","time":12}
{"method":"GET","path":"/check-username/gaurav4149singh@gmail.c","time":9}
{"method":"GET","path":"/check-username/gaurav4149singh@gmail.co","time":13}
{"method":"GET","path":"/check-username/gaurav4149singh@gmail.com","time":9}
{"method":"POST","path":"/register-user","time":3}
{"method":"POST","path":"/register-user","time":2}
{"method":"POST","path":"/register-user","time":2}
{"method":"POST","path":"/register-user","time":3}
{"method":"POST","path":"/register-user","time":2}
{"method":"POST","path":"/register-user","time":3}
{"method":"POST","path":"/register-user","time":2}
{"method":"POST","path":"/register-user","time":2}
{"method":"POST","path":"/register-user","time":4}
{"method":"GET","path":"/check-username/frenzy","time":8}
{"method":"GET","path":"/check-username/frenzycoder","time":8}
{"method":"GET","path":"/check-username/gaurav4149singh@gmail.com","time":22}
{"method":"POST","path":"/register-user","time":2}
{"method":"GET","path":"/check-username/gaurav4149singh@gmail.com","time":9}
{"method":"GET","path":"/check-username/gaurav4149singh@gmail.co","time":4}
{"method":"GET","path":"/check-username/gaurav4149singh@gmail.com","time":6}
{"method":"GET","path":"/check-username/gaurav4149singh@gmail.co","time":10}
{"method":"GET","path":"/check-username/gaurav4149singh@gmail.c","time":5}
{"method":"GET","path":"/check-username/gs9178449@gmail.com","time":8}
{"method":"POST","path":"/register-user","time":2}
{"method":"GET","path":"/check-username/frenzy","time":202}
{"method":"GET","path":"/check-username/frenzyc","time":11}
{"method":"GET","path":"/check-username/frenzyco","time":12}
{"method":"GET","path":"/check-username/frenzycod","time":11}
{"method":"GET","path":"/check-username/frenzycode","time":12}
{"method":"GET","path":"/check-username/frenzycodee","time":13}
{"method":"GET","path":"/check-username/frenzycode","time":7}
{"method":"GET","path":"/check-username/frenzycoder","time":8}
{"method":"GET","path":"/check-username/gaurav4149singh@gmail.com","time":11}
{"method":"GET","path":"/check-username/frenzy","time":3}
{"method":"GET","path":"/check-username/frenzycoder","time":3}
{"method":"GET","path":"/check-username/gaurav4149singh@gmail.com","time":6}
{"method":"GET","path":"/check-username/gaurav","time":887}
{"method":"GET","path":"/check-username/gaurav4","time":8}
{"method":"GET","path":"/check-username/gaurav41","time":11}
{"method":"GET","path":"/check-username/gaurav414","time":33}
{"method":"GET","path":"/check-username/gaurav414","time":23}
{"method":"GET","path":"/check-username/gaurav4149","time":19}
{"method":"GET","path":"/check-username/gaurav414","time":28}
{"method":"GET","path":"/check-username/gaurav41","time":47}
{"method":"GET","path":"/check-username/gaurav4","time":6}
{"method":"GET","path":"/check-username/gaurav","time":11}
{"method":"GET","path":"/check-username/frenzy","time":16}
{"method":"GET","path":"/check-username/frenzyc","time":12}
{"method":"GET","path":"/check-username/frenzyco","time":17}
{"method":"GET","path":"/check-username/frenzycod","time":17}
{"method":"GET","path":"/check-username/frenzycode","time":23}
{"method":"GET","path":"/check-username/frenzycoder","time":108}
{"method":"GET","path":"/check-username/frenzycoder","time":36}
{"method":"GET","path":"/check-username/gaurav4149singh@outlook.com","time":9}
{"method":"GET","path":"/check-username/gaurav4149singh@outlook.co","time":9}
{"method":"GET","path":"/check-username/gaurav4149singh@outlook.c","time":8}
{"method":"GET","path":"/check-username/gaurav4149singh@gmail.c","time":9}
{"method":"GET","path":"/check-username/gaurav4149singh@gmail.co","time":3}
{"method":"GET","path":"/check-username/gaurav4149singh@gmail.com","time":7}
{"method":"GET","path":"/check-username/gaurav4149singh@gmail.co","time":27}
{"method":"GET","path":"/check-username/gaurav4149singh@gmail.com","time":25}
{"method":"POST","path":"/request-ac-verification","time":128}
{"method":"POST","path":"/request-ac-verification","time":3}
{"method":"POST","path":"/request-ac-verification","time":8}
{"method":"POST","path":"/request-ac-verification","time":1}
{"method":"POST","path":"/request-ac-verification","time":6}
{"method":"POST","path":"/request-ac-verification","time":4}
{"method":"POST","path":"/verify-email/414965","time":18}
{"method":"GET","path":"/check-username/frenzy","time":240}
{"method":"GET","path":"/check-username/frenzyc","time":3}
{"method":"GET","path":"/check-username/frenzyco","time":4}
{"method":"GET","path":"/check-username/frenzycod","time":3}
{"method":"GET","path":"/check-username/frenzycode","time":7}
{"method":"GET","path":"/check-username/frenzycoder","time":4}
{"method":"GET","path":"/check-username/gaurav4149singh@gmail.c","time":3}
{"method":"GET","path":"/check-username/gaurav4149singh@gmail.co","time":3}
{"method":"GET","path":"/check-username/gaurav4149singh@gmail.com","time":3}
{"method":"POST","path":"/request-ac-verification","time":1}
{"method":"GET","path":"/check-username/frenzy","time":10}
{"method":"GET","path":"/check-username/frenzyc","time":5}
{"method":"GET","path":"/check-username/frenzycoder","time":23}
{"method":"GET","path":"/check-username/frenzycode","time":8}
{"method":"GET","path":"/check-username/frenzycod","time":7}
{"method":"GET","path":"/check-username/frenzyco","time":11}
{"method":"GET","path":"/check-username/frenzyc","time":14}
{"method":"GET","path":"/check-username/frenzy","time":9}
{"method":"GET","path":"/user-profile","time":419}
{"method":"GET","path":"/user-profile","time":15}
{"method":"GET","path":"/user-profile","time":176}
{"method":"POST","path":"/request-ac-verification","time":4108}
{"method":"POST","path":"/request-ac-verification","time":1510}
{"method":"POST","path":"/verify-email/121456","time":12}
{"method":"POST","path":"/verify-email/121456","time":7}
{"method":"POST","path":"/verify-email/121456","time":5}
{"method":"POST","path":"/verify-email/124423","time":1756}
{"method":"GET","path":"/user-profile","time":17}
{"method":"POST","path":"/request-ac-verification","time":16}
{"method":"GET","path":"/user-profile","time":11}
{"method":"POST","path":"/request-ac-verification","time":13}
{"method":"GET","path":"/user-profile","time":20}
{"method":"POST","path":"/request-ac-verification","time":13}
{"method":"GET","path":"/user-profile","time":9}
{"method":"POST","path":"/request-ac-verification","time":6}
{"method":"GET","path":"/user-profile","time":16}
{"method":"GET","path":"/user-profile","time":383}
{"method":"GET","path":"/user-profile","time":70}
{"method":"GET","path":"/user-profile","time":29}
{"method":"GET","path":"/user-profile","time":18}
{"method":"GET","path":"/user-profile","time":5}
{"method":"GET","path":"/user-profile","time":19}
{"method":"GET","path":"/user-profile","time":17}
{"method":"GET","path":"/user-profile","time":113}
{"method":"POST","path":"/request-ac-verification","time":4525}
{"method":"GET","path":"/user-profile","time":22}
{"method":"POST","path":"/request-ac-verification","time":1721}
{"method":"POST","path":"/verify-email/232568","time":20}
{"method":"POST","path":"/verify-email/469723","time":1929}
{"method":"GET","path":"/user-profile","time":99}
{"method":"DELETE","path":"/logout-user","time":66}
{"method":"GET","path":"/check-username/satyam","time":140}
{"method":"GET","path":"/check-username/satyam5","time":14}
{"method":"GET","path":"/check-username/satyam52","time":10}
{"method":"GET","path":"/check-username/gs9178449@gmail.c","time":12}
{"method":"GET","path":"/check-username/gs9178449@gmail.co","time":11}
{"method":"GET","path":"/check-username/gs9178449@gmail.com","time":3}
{"method":"POST","path":"/request-ac-verification","time":4440}
{"method":"POST","path":"/verify-email/518687","time":1554}
{"method":"GET","path":"/user-profile","time":34}
{"method":"DELETE","path":"/logout-user","time":28}
{"method":"GET","path":"/check-username/pankaj","time":6}
{"method":"GET","path":"/check-username/pankaj7","time":9}
{"method":"GET","path":"/check-username/pankaj74","time":7}
{"method":"GET","path":"/check-username/pankaj747","time":16}
{"method":"GET","path":"/check-username/pankaj747","time":18}
{"method":"GET","path":"/check-username/pankaj7479","time":9}
{"method":"GET","path":"/check-username/gaurav4149singh@outlook.com","time":4}
{"method":"POST","path":"/verify-email/414966","time":17}
{"method":"GET","path":"/user-profile","time":16}
{"method":"POST","path":"/request-ac-verification","time":3738}
{"method":"POST","path":"/request-ac-verification","time":1929}
{"method":"POST","path":"/verify-email/413526","time":1965}
{"method":"GET","path":"/user-profile","time":9}
{"method":"GET","path":"/user-profile","time":8}
{"method":"GET","path":"/user-profile","time":19}
{"method":"GET","path":"/user-profile","time":20}
{"method":"GET","path":"/user-profile","time":62}
{"method":"GET","path":"/user-profile","time":139}
{"method":"GET","path":"/user-profile","time":23}
{"method":"GET","path":"/user-profile","time":29}
{"method":"GET","path":"/user-profile","time":20}
{"method":"GET","path":"/user-profile","time":27}
{"method":"GET","path":"/user-profile","time":4}
{"method":"GET","path":"/user-profile","time":319}
{"method":"GET","path":"/user-profile","time":46}
{"method":"GET","path":"/user-profile","time":6}
{"method":"GET","path":"/user-profile","time":17}
{"method":"GET","path":"/user-profile","time":5}
{"method":"GET","path":"/user-profile","time":14}
{"method":"GET","path":"/user-profile","time":15}
{"method":"GET","path":"/user-profile","time":802}
{"method":"DELETE","path":"/logout-user","time":1239}
{"method":"GET","path":"/user-profile","time":171}
{"method":"GET","path":"/user-profile","time":10}
{"method":"GET","path":"/user-profile","time":21}
{"method":"GET","path":"/user-profile","time":7}
{"method":"GET","path":"/user-profile","time":21}
{"method":"GET","path":"/user-profile","time":48}
{"method":"GET","path":"/user-profile","time":215}
{"method":"GET","path":"/user-profile","time":130}
{"method":"GET","path":"/user-profile","time":12}
{"method":"GET","path":"/user-profile","time":11}
{"method":"GET","path":"/user-profile","time":473}
{"method":"GET","path":"/user-profile","time":10}
{"method":"GET","path":"/read-list/auth/user","time":13}
{"method":"GET","path":"/user-profile","time":11}
{"method":"GET","path":"/read-list/auth/user","time":11}
{"method":"GET","path":"/read-list/auth/user","time":10}
{"method":"GET","path":"/read-list/auth/user","time":199}
{"method":"GET","path":"/read-list/auth/user","time":7}
{"method":"GET","path":"/read-list/auth/user","time":10}
{"method":"GET","path":"/user-profile","time":10}
{"method":"GET","path":"/read-list/auth/user","time":7}
{"method":"GET","path":"/read-list/auth/user","time":7}
{"method":"GET","path":"/user-profile","time":10}
{"method":"GET","path":"/read-list/auth/user","time":9}
{"method":"GET","path":"/user-profile","time":10}
{"method":"GET","path":"/read-list/auth/user","time":7}
{"method":"GET","path":"/read-list/auth/user","time":7}
{"method":"GET","path":"/read-list/auth/user","time":8}
{"method":"GET","path":"/user-profile","time":25}
{"method":"GET","path":"/read-list/auth/user","time":12}
{"method":"GET","path":"/read-list/auth/user","time":134}
{"method":"GET","path":"/read-list/auth/user","time":9}
{"method":"GET","path":"/read-list/auth/user","time":6}
{"method":"GET","path":"/read-list/auth/user","time":9}
{"method":"GET","path":"/read-list/auth/user","time":8}
{"method":"GET","path":"/read-list/auth/user","time":9}
{"method":"GET","path":"/read-list/auth/user","time":7}
{"method":"GET","path":"/read-list/auth/user","time":6}
{"method":"GET","path":"/user-profile","time":7}
{"method":"GET","path":"/read-list/auth/user","time":11}
{"method":"GET","path":"/user-profile","time":143}
{"method":"GET","path":"/read-list/auth/user","time":15}
{"method":"GET","path":"/user-profile","time":11}
{"method":"GET","path":"/read-list/auth/user","time":10}
{"method":"GET","path":"/user-profile","time":10}
{"method":"GET","path":"/read-list/auth/user","time":14}
{"method":"GET","path":"/user-profile","time":11}
{"method":"GET","path":"/read-list/auth/user","time":19}
{"method":"GET","path":"/user-profile","time":12}
{"method":"GET","path":"/read-list/auth/user","time":12}
{"method":"GET","path":"/user-profile","time":12}
{"method":"GET","path":"/read-list/auth/user","time":14}
{"method":"GET","path":"/user-profile","time":13}
{"method":"GET","path":"/user-profile","time":24}
{"method":"GET","path":"/read-list/auth/user","time":8}
{"method":"GET","path":"/read-list/all","time":356}
{"method":"GET","path":"/read-list/user/61c383158e30448d98dc5dd2","time":41}
{"method":"GET","path":"/read-list/auth/user","time":114}
{"method":"GET","path":"/user-profile","time":1501}
{"method":"GET","path":"/user-profile","time":1929}
{"method":"GET","path":"/user-profile","time":183}
{"method":"GET","path":"/user-profile","time":128}
{"method":"DELETE","path":"/logout-user","time":2}
{"method":"DELETE","path":"/logout-user","time":2}
{"method":"DELETE","path":"/logout-user","time":2}
{"method":"GET","path":"/check-username/frenzy","time":112}
{"method":"GET","path":"/check-username/frenzycoder%20","time":118}
{"method":"GET","path":"/check-username/frenzycoder","time":100}
{"method":"GET","path":"/check-username/gaurav4149singh@gmail.com%20","time":109}
{"method":"GET","path":"/check-username/gaurav4149singh@gmail.com","time":103}
{"method":"POST","path":"/request-ac-verification","time":4}
{"method":"POST","path":"/request-ac-verification","time":2664}
{"method":"POST","path":"/request-ac-verification","time":2085}
{"method":"POST","path":"/request-ac-verification","time":5484}
{"method":"POST","path":"/verify-email/128512","time":2101}
{"method":"DELETE","path":"/logout-user","time":271}
{"method":"GET","path":"/read-list/auth/user","time":168}
{"method":"GET","path":"/user-profile","time":129}
{"method":"GET","path":"/read-list/auth/user","time":105}
{"method":"GET","path":"/read-list/auth/user","time":112}
{"method":"GET","path":"/user-profile","time":101}
{"method":"GET","path":"/read-list/auth/user","time":122}
{"method":"GET","path":"/user-profile","time":154}
{"method":"GET","path":"/read-list/auth/user","time":125}
{"method":"GET","path":"/user-profile","time":111}
{"method":"GET","path":"/read-list/auth/user","time":139}
{"method":"GET","path":"/read-list/auth/user","time":238}
{"method":"GET","path":"/read-list/auth/user","time":241}
{"method":"GET","path":"/read-list/auth/user","time":229}
{"method":"GET","path":"/read-list/auth/user","time":236}
{"method":"GET","path":"/read-list/auth/user","time":510}
{"method":"GET","path":"/read-list/auth/user","time":229}
{"method":"GET","path":"/read-list/auth/user","time":220}
{"method":"GET","path":"/read-list/auth/user","time":204}
{"method":"GET","path":"/read-list/auth/user","time":240}
{"method":"GET","path":"/read-list/auth/user","time":226}
{"method":"GET","path":"/read-list/auth/user","time":228}
{"method":"GET","path":"/read-list/auth/user","time":274}
{"method":"GET","path":"/read-list/auth/user","time":209}
{"method":"GET","path":"/read-list/auth/user","time":225}
{"method":"GET","path":"/read-list/auth/user","time":192}
{"method":"GET","path":"/read-list/auth/user","time":205}
{"method":"GET","path":"/read-list/auth/user","time":228}
{"method":"GET","path":"/N/A","time":3}
{"method":"GET","path":"/N/A","time":5}
{"method":"GET","path":"/read-list/auth/user","time":243}
{"method":"GET","path":"/N/A","time":3}
{"method":"GET","path":"/N/A","time":4}
{"method":"GET","path":"/N/A","time":3}
{"method":"GET","path":"/read-list/auth/user","time":269}
{"method":"GET","path":"/read-list/auth/user","time":314}
{"method":"GET","path":"/notes/related","time":3}
{"method":"GET","path":"/notes/related","time":9}
{"method":"GET","path":"/related","time":512}
{"method":"GET","path":"/related","time":254}
{"method":"GET","path":"/related","time":266}
{"method":"GET","path":"/related","time":462}
{"method":"GET","path":"/related","time":246}
{"method":"GET","path":"/related","time":242}
{"method":"GET","path":"/related","time":551}
{"method":"GET","path":"/user-profile","time":250}
{"method":"GET","path":"/read-list/auth/user","time":189}
{"method":"GET","path":"/related","time":295}
{"method":"GET","path":"/related","time":409}
{"method":"GET","path":"/related","time":256}
{"method":"GET","path":"/related","time":270}
{"method":"GET","path":"/related","time":603}
{"method":"GET","path":"/related","time":383}
{"method":"GET","path":"/related","time":296}
{"method":"GET","path":"/related","time":416}
{"method":"GET","path":"/read-list/auth/user","time":363}
{"method":"GET","path":"/read-list/auth/user","time":273}
{"method":"GET","path":"/related","time":376}
{"method":"GET","path":"/read-list/auth/user","time":386}
{"method":"GET","path":"/related","time":317}
{"method":"GET","path":"/related","time":625}
{"method":"GET","path":"/related","time":319}
{"method":"GET","path":"/related","time":227}
{"method":"GET","path":"/related","time":327}
{"method":"GET","path":"/user-profile","time":613}
{"method":"GET","path":"/read-list/auth/user","time":459}
{"method":"GET","path":"/read-list/auth/user","time":220}
{"method":"GET","path":"/user-profile","time":487}
{"method":"GET","path":"/read-list/auth/user","time":185}
{"method":"GET","path":"/related","time":304}
{"method":"GET","path":"/related","time":372}
{"method":"GET","path":"/related","time":305}
{"method":"GET","path":"/user-profile","time":295}
{"method":"GET","path":"/read-list/auth/user","time":222}
{"method":"GET","path":"/related","time":380}
{"method":"GET","path":"/related","time":694}
{"method":"GET","path":"/user-profile","time":259}
{"method":"GET","path":"/read-list/auth/user","time":242}
{"method":"GET","path":"/related","time":324}
{"method":"GET","path":"/user-profile","time":852}
{"method":"GET","path":"/read-list/auth/user","time":439}
{"method":"GET","path":"/related","time":625}
{"method":"GET","path":"/user-profile","time":226}
{"method":"GET","path":"/read-list/auth/user","time":232}
{"method":"GET","path":"/related","time":392}
{"method":"GET","path":"/user-profile","time":265}
{"method":"GET","path":"/read-list/auth/user","time":225}
{"method":"GET","path":"/related","time":389}
{"method":"DELETE","path":"/logout-user","time":266}
{"method":"GET","path":"/check-username/frenzycoder%20","time":151}
{"method":"GET","path":"/check-username/frenzycoder","time":157}
{"method":"GET","path":"/check-username/gaurav4149singh@gmail.com%20","time":114}
{"method":"GET","path":"/check-username/gaurav4149singh@gmail.com","time":143}
{"method":"POST","path":"/request-ac-verification","time":5}
{"method":"POST","path":"/request-ac-verification","time":5583}
{"method":"POST","path":"/verify-email/637989","time":2225}
{"method":"GET","path":"/related","time":215}
{"method":"GET","path":"/read-list/auth/user","time":228}
{"method":"GET","path":"/read-list/auth/user","time":454}
{"method":"GET","path":"/related","time":392}
{"method":"GET","path":"/fav","time":530}
{"method":"GET","path":"/fav","time":305}
{"method":"GET","path":"/fav","time":379}
{"method":"GET","path":"/related","time":328}
{"method":"GET","path":"/related","time":360}
{"method":"GET","path":"/read-list/auth/user","time":410}
{"method":"GET","path":"/fav","time":114}
{"method":"GET","path":"/fav","time":145}
{"method":"GET","path":"/user-profile","time":534}
{"method":"GET","path":"/read-list/auth/user","time":475}
{"method":"GET","path":"/related","time":598}
{"method":"GET","path":"/user-profile","time":196}
{"method":"GET","path":"/read-list/auth/user","time":169}
{"method":"GET","path":"/related","time":254}
{"method":"GET","path":"/related","time":375}
{"method":"GET","path":"/related","time":600}
{"method":"GET","path":"/related","time":306}
{"method":"GET","path":"/related","time":390}
{"method":"GET","path":"/related","time":610}
{"method":"GET","path":"/related","time":342}
{"method":"GET","path":"/related","time":620}
{"method":"GET","path":"/related","time":282}
{"method":"GET","path":"/related","time":299}
{"method":"GET","path":"/related","time":680}
{"method":"GET","path":"/related","time":295}
{"method":"GET","path":"/fav","time":215}
{"method":"GET","path":"/fav","time":196}
{"method":"GET","path":"/fav","time":109}
{"method":"GET","path":"/fav","time":112}
{"method":"GET","path":"/fav","time":196}
{"method":"GET","path":"/fav","time":204}
{"method":"GET","path":"/fav","time":116}
{"method":"GET","path":"/fav","time":345}
{"method":"GET","path":"/fav","time":504}
{"method":"GET","path":"/fav","time":486}
{"method":"GET","path":"/related","time":247}
{"method":"GET","path":"/fav","time":265}
{"method":"GET","path":"/fav","time":405}
{"method":"GET","path":"/fav","time":336}
{"method":"GET","path":"/fav","time":568}
{"method":"GET","path":"/fav","time":163}
{"method":"GET","path":"/fav","time":281}
{"method":"GET","path":"/related","time":613}
{"method":"GET","path":"/fav","time":550}
{"method":"GET","path":"/related","time":610}
{"method":"GET","path":"/read-list/auth/user","time":519}
{"method":"GET","path":"/related","time":607}
{"method":"GET","path":"/related","time":638}
{"method":"GET","path":"/related","time":283}
{"method":"GET","path":"/related","time":620}
{"method":"GET","path":"/related","time":3}
{"method":"GET","path":"/related","time":3}
{"method":"GET","path":"/related","time":2}
{"method":"GET","path":"/related","time":3}
{"method":"GET","path":"/related","time":2}
{"method":"GET","path":"/related","time":1}
{"method":"GET","path":"/related","time":1}
{"method":"GET","path":"/related","time":1}
{"method":"GET","path":"/related","time":2}
{"method":"GET","path":"/related","time":1}
{"method":"GET","path":"/related","time":1}
{"method":"GET","path":"/related","time":2}
{"method":"GET","path":"/related","time":1}
{"method":"GET","path":"/related","time":1}
{"method":"GET","path":"/related","time":0}
{"method":"GET","path":"/related","time":1}
{"method":"GET","path":"/related","time":1}
{"method":"DELETE","path":"/logout-user","time":3}
{"method":"GET","path":"/user-profile","time":1361}
{"method":"GET","path":"/read-list/auth/user","time":360}
{"method":"GET","path":"/related","time":887}
{"method":"GET","path":"/user-profile","time":397}
{"method":"GET","path":"/read-list/auth/user","time":195}
{"method":"GET","path":"/related","time":245}
{"method":"GET","path":"/related","time":561}
{"method":"GET","path":"/related","time":609}
{"method":"GET","path":"/related","time":823}
{"method":"POST","path":"/request-ac-verification","time":5706}
{"method":"POST","path":"/verify-email/193747","time":3017}
{"method":"POST","path":"/request-ac-verification","time":2561}
{"method":"POST","path":"/verify-email/844722","time":2636}
{"method":"GET","path":"/user-profile","time":132}
{"method":"GET","path":"/user-profile","time":150}
{"method":"GET","path":"/user-profile","time":387}
{"method":"GET","path":"/user-profile","time":221}
{"method":"GET","path":"/related","time":221}
{"method":"GET","path":"/related","time":254}
{"method":"GET","path":"/read-list/auth/user","time":135}
{"method":"GET","path":"/user-profile","time":283}
{"method":"GET","path":"/read-list/auth/user","time":141}
{"method":"GET","path":"/related","time":230}
{"method":"GET","path":"/read-list/auth/user","time":134}
{"method":"GET","path":"/read-list/auth/user","time":230}
{"method":"GET","path":"/read-list/auth/user","time":242}
{"method":"GET","path":"/related","time":350}
{"method":"GET","path":"/user-profile","time":237}
{"method":"GET","path":"/read-list/auth/user","time":210}
{"method":"GET","path":"/related","time":276}
{"method":"GET","path":"/user-profile","time":184}
{"method":"GET","path":"/read-list/auth/user","time":195}
{"method":"GET","path":"/related","time":258}
{"method":"GET","path":"/read-list/auth/user","time":229}
{"method":"GET","path":"/related","time":384}
{"method":"GET","path":"/related","time":331}
{"method":"GET","path":"/user-profile","time":260}
{"method":"GET","path":"/read-list/auth/user","time":176}
{"method":"GET","path":"/related","time":285}
{"method":"GET","path":"/download-notes","time":152}
{"method":"GET","path":"/download-notes","time":125}
{"method":"GET","path":"/user-profile","time":278}
{"method":"GET","path":"/read-list/auth/user","time":218}
{"method":"GET","path":"/related","time":312}
{"method":"GET","path":"/user-profile","time":241}
{"method":"GET","path":"/read-list/auth/user","time":183}
{"method":"GET","path":"/related","time":285}
{"method":"GET","path":"/download-notes","time":141}
{"method":"GET","path":"/user-profile","time":165}
{"method":"GET","path":"/read-list/auth/user","time":196}
{"method":"GET","path":"/related","time":290}
{"method":"GET","path":"/user-profile","time":2149}
{"method":"GET","path":"/read-list/auth/user","time":176}
{"method":"GET","path":"/related","time":285}
{"method":"GET","path":"/download-notes","time":237}
{"method":"GET","path":"/download-notes","time":95}
{"method":"GET","path":"/download-notes","time":103}
{"method":"GET","path":"/download-notes","time":90}
{"method":"GET","path":"/download-notes","time":208}
{"method":"GET","path":"/download-notes","time":137}
{"method":"GET","path":"/download-notes","time":140}
{"method":"GET","path":"/download-notes","time":154}
{"method":"GET","path":"/download-notes","time":128}
{"method":"GET","path":"/download-notes","time":139}
{"method":"GET","path":"/download-notes","time":144}
{"method":"GET","path":"/download-notes","time":146}
{"method":"GET","path":"/download-notes","time":112}
{"method":"GET","path":"/user-profile","time":228}
{"method":"GET","path":"/read-list/auth/user","time":192}
{"method":"GET","path":"/related","time":333}
{"method":"GET","path":"/related","time":334}
{"method":"GET","path":"/download-notes","time":102}
{"method":"GET","path":"/related","time":350}
{"method":"GET","path":"/download-notes","time":115}
{"method":"GET","path":"/download-notes","time":119}
{"method":"GET","path":"/download-notes","time":172}
{"method":"GET","path":"/download-notes","time":154}
{"method":"GET","path":"/related","time":295}
{"method":"GET","path":"/related","time":297}
{"method":"GET","path":"/download-notes","time":123}
{"method":"GET","path":"/read-list/auth/user","time":227}
{"method":"GET","path":"/read-list/auth/user","time":193}
{"method":"GET","path":"/read-list/auth/user","time":225}
{"method":"GET","path":"/fav","time":122}
{"method":"GET","path":"/fav","time":109}
{"method":"GET","path":"/read-list/auth/user","time":196}
{"method":"GET","path":"/user-profile","time":304}
{"method":"GET","path":"/user-profile","time":300}
{"method":"GET","path":"/related","time":301}
{"method":"GET","path":"/related","time":292}
{"method":"GET","path":"/related","time":282}
{"method":"GET","path":"/user-profile","time":413}
{"method":"GET","path":"/read-list/auth/user","time":514}
{"method":"GET","path":"/related","time":812}
{"method":"GET","path":"/download-notes","time":131}
{"method":"GET","path":"/user-profile","time":185}
{"method":"GET","path":"/read-list/auth/user","time":201}
{"method":"GET","path":"/related","time":315}
{"method":"GET","path":"/download-notes","time":161}
{"method":"GET","path":"/download-notes","time":100}
{"method":"GET","path":"/download-notes","time":117}
{"method":"GET","path":"/download-notes","time":137}
{"method":"GET","path":"/download-notes","time":122}
{"method":"GET","path":"/user-profile","time":218}
{"method":"GET","path":"/read-list/auth/user","time":171}
{"method":"GET","path":"/related","time":370}
{"method":"GET","path":"/download-notes","time":145}
{"method":"GET","path":"/download-notes","time":110}
{"method":"GET","path":"/user-profile","time":186}
{"method":"GET","path":"/read-list/auth/user","time":196}
{"method":"GET","path":"/related","time":247}
{"method":"GET","path":"/download-notes","time":114}
{"method":"GET","path":"/user-profile","time":197}
{"method":"GET","path":"/read-list/auth/user","time":171}
{"method":"GET","path":"/related","time":290}
{"method":"GET","path":"/download-notes","time":158}
{"method":"GET","path":"/download-notes","time":115}
{"method":"GET","path":"/related","time":284}
{"method":"GET","path":"/download-notes","time":111}
{"method":"GET","path":"/download-notes","time":96}
{"method":"GET","path":"/user-profile","time":197}
{"method":"GET","path":"/read-list/auth/user","time":170}
{"method":"GET","path":"/related","time":258}
{"method":"GET","path":"/related","time":267}
{"method":"GET","path":"/download-notes","time":119}
{"method":"GET","path":"/download-notes","time":74}
{"method":"GET","path":"/download-notes","time":166}
{"method":"GET","path":"/download-notes","time":214}
{"method":"GET","path":"/download-notes","time":280}
{"method":"GET","path":"/download-notes","time":372}
{"method":"GET","path":"/download-notes","time":112}
{"method":"GET","path":"/download-notes","time":149}
{"method":"GET","path":"/download-notes","time":178}
{"method":"GET","path":"/download-notes","time":226}
{"method":"GET","path":"/download-notes","time":96}
{"method":"GET","path":"/download-notes","time":91}
{"method":"GET","path":"/download-notes","time":88}
{"method":"GET","path":"/download-notes","time":152}
{"method":"GET","path":"/download-notes","time":149}
{"method":"GET","path":"/download-notes","time":104}
{"method":"GET","path":"/download-notes","time":118}
{"method":"GET","path":"/download-notes","time":95}
{"method":"GET","path":"/download-notes","time":106}
{"method":"GET","path":"/download-notes","time":109}
{"method":"GET","path":"/download-notes","time":284}
{"method":"GET","path":"/download-notes","time":113}
{"method":"GET","path":"/download-notes","time":138}
{"method":"GET","path":"/download-notes","time":116}
{"method":"GET","path":"/download-notes","time":91}
{"method":"GET","path":"/download-notes","time":89}
{"method":"GET","path":"/download-notes","time":101}
{"method":"GET","path":"/download-notes","time":81}
{"method":"GET","path":"/download-notes","time":88}
{"method":"GET","path":"/download-notes","time":114}
{"method":"GET","path":"/download-notes","time":111}
{"method":"GET","path":"/download-notes","time":138}
{"method":"GET","path":"/download-notes","time":144}
{"method":"GET","path":"/download-notes","time":93}
{"method":"GET","path":"/download-notes","time":109}
{"method":"GET","path":"/download-notes","time":80}
{"method":"GET","path":"/download-notes","time":98}
{"method":"GET","path":"/download-notes","time":102}
{"method":"GET","path":"/download-notes","time":79}
{"method":"GET","path":"/download-notes","time":93}
{"method":"GET","path":"/download-notes","time":79}
{"method":"GET","path":"/download-notes","time":87}
{"method":"GET","path":"/download-notes","time":108}
{"method":"GET","path":"/download-notes","time":122}
{"method":"GET","path":"/download-notes","time":70}
{"method":"GET","path":"/download-notes","time":78}
{"method":"GET","path":"/download-notes","time":122}
{"method":"GET","path":"/download-notes","time":134}
{"method":"GET","path":"/download-notes","time":96}
{"method":"GET","path":"/download-notes","time":123}
{"method":"GET","path":"/user-profile","time":222}
{"method":"GET","path":"/read-list/auth/user","time":173}
{"method":"GET","path":"/related","time":259}
{"method":"GET","path":"/download-notes","time":150}
{"method":"GET","path":"/download-notes","time":133}
{"method":"GET","path":"/download-notes","time":136}
{"method":"GET","path":"/download-notes","time":84}
{"method":"GET","path":"/download-notes","time":219}
{"method":"GET","path":"/download-notes","time":170}
{"method":"GET","path":"/download-notes","time":162}
{"method":"GET","path":"/download-notes","time":187}
{"method":"GET","path":"/download-notes","time":107}
{"method":"GET","path":"/download-notes","time":141}
{"method":"GET","path":"/download-notes","time":121}
{"method":"GET","path":"/download-notes","time":139}
{"method":"GET","path":"/download-notes","time":79}
{"method":"GET","path":"/download-notes","time":107}
{"method":"GET","path":"/download-notes","time":106}
{"method":"GET","path":"/download-notes","time":118}
{"method":"GET","path":"/download-notes","time":110}
{"method":"GET","path":"/download-notes","time":126}
{"method":"GET","path":"/download-notes","time":90}
{"method":"GET","path":"/download-notes","time":127}
{"method":"GET","path":"/related","time":289}
{"method":"GET","path":"/download-notes","time":283}
{"method":"GET","path":"/download-notes","time":141}
{"method":"GET","path":"/download-notes","time":88}
{"method":"GET","path":"/download-notes","time":89}
{"method":"GET","path":"/download-notes","time":124}
{"method":"GET","path":"/download-notes","time":120}
{"method":"GET","path":"/download-notes","time":137}
{"method":"GET","path":"/download-notes","time":130}
{"method":"GET","path":"/download-notes","time":154}
{"method":"GET","path":"/download-notes","time":147}
{"method":"GET","path":"/download-notes","time":164}
{"method":"GET","path":"/download-notes","time":112}
{"method":"GET","path":"/download-notes","time":139}
{"method":"GET","path":"/download-notes","time":82}
{"method":"GET","path":"/download-notes","time":102}
{"method":"GET","path":"/download-notes","time":117}
{"method":"GET","path":"/download-notes","time":138}
{"method":"GET","path":"/download-notes","time":283}
{"method":"GET","path":"/download-notes","time":289}
{"method":"GET","path":"/download-notes","time":87}
{"method":"GET","path":"/download-notes","time":107}
{"method":"GET","path":"/download-notes","time":146}
{"method":"GET","path":"/download-notes","time":161}
{"method":"GET","path":"/download-notes","time":85}
{"method":"GET","path":"/download-notes","time":113}
{"method":"GET","path":"/download-notes","time":128}
{"method":"GET","path":"/download-notes","time":165}
{"method":"GET","path":"/download-notes","time":124}
{"method":"GET","path":"/download-notes","time":141}
{"method":"GET","path":"/download-notes","time":91}
{"method":"GET","path":"/download-notes","time":99}
{"method":"GET","path":"/related","time":283}
{"method":"GET","path":"/download-notes","time":161}
{"method":"GET","path":"/download-notes","time":92}
{"method":"GET","path":"/related","time":272}
{"method":"GET","path":"/download-notes","time":109}
{"method":"GET","path":"/download-notes","time":117}
{"method":"GET","path":"/download-notes","time":157}
{"method":"GET","path":"/download-notes","time":117}
{"method":"GET","path":"/user-profile","time":207}
{"method":"GET","path":"/read-list/auth/user","time":164}
{"method":"GET","path":"/related","time":302}
{"method":"GET","path":"/download-notes","time":106}
{"method":"GET","path":"/download-notes","time":92}
{"method":"GET","path":"/download-notes","time":93}
{"method":"GET","path":"/download-notes","time":85}
{"method":"GET","path":"/user-profile","time":202}
{"method":"GET","path":"/read-list/auth/user","time":200}
{"method":"GET","path":"/related","time":254}
{"method":"GET","path":"/related","time":244}
{"method":"GET","path":"/download-notes","time":106}
{"method":"GET","path":"/download-notes","time":116}
{"method":"GET","path":"/download-notes","time":92}
{"method":"GET","path":"/download-notes","time":147}
{"method":"GET","path":"/download-notes","time":98}
{"method":"GET","path":"/download-notes","time":118}
{"method":"GET","path":"/download-notes","time":140}
{"method":"GET","path":"/download-notes","time":177}
{"method":"GET","path":"/download-notes","time":109}
{"method":"GET","path":"/related","time":272}
{"method":"GET","path":"/related","time":489}
{"method":"GET","path":"/related","time":332}
{"method":"GET","path":"/download-notes","time":94}
{"method":"GET","path":"/download-notes","time":124}
{"method":"GET","path":"/download-notes","time":135}
{"method":"GET","path":"/download-notes","time":130}
{"method":"GET","path":"/download-notes","time":114}
{"method":"GET","path":"/download-notes","time":128}
{"method":"GET","path":"/download-notes","time":161}
{"method":"GET","path":"/download-notes","time":146}
{"method":"GET","path":"/download-notes","time":110}
{"method":"GET","path":"/download-notes","time":114}
{"method":"GET","path":"/download-notes","time":124}
{"method":"GET","path":"/download-notes","time":157}
{"method":"GET","path":"/download-notes","time":187}
{"method":"GET","path":"/download-notes","time":133}
{"method":"GET","path":"/download-notes","time":118}
{"method":"GET","path":"/download-notes","time":113}
{"method":"GET","path":"/download-notes","time":163}
{"method":"GET","path":"/download-notes","time":132}
{"method":"GET","path":"/download-notes","time":95}
{"method":"GET","path":"/download-notes","time":117}
{"method":"GET","path":"/download-notes","time":114}
{"method":"GET","path":"/download-notes","time":134}
{"method":"GET","path":"/download-notes","time":148}
{"method":"GET","path":"/download-notes","time":161}
{"method":"GET","path":"/download-notes","time":104}
{"method":"GET","path":"/download-notes","time":168}
{"method":"GET","path":"/download-notes","time":162}
{"method":"GET","path":"/download-notes","time":102}
{"method":"GET","path":"/download-notes","time":111}
{"method":"GET","path":"/download-notes","time":127}
{"method":"GET","path":"/download-notes","time":145}
{"method":"GET","path":"/download-notes","time":118}
{"method":"GET","path":"/download-notes","time":133}
{"method":"GET","path":"/download-notes","time":114}
{"method":"GET","path":"/download-notes","time":79}
{"method":"GET","path":"/download-notes","time":92}
{"method":"GET","path":"/download-notes","time":110}
{"method":"GET","path":"/download-notes","time":124}
{"method":"GET","path":"/download-notes","time":85}
{"method":"GET","path":"/download-notes","time":107}
{"method":"GET","path":"/download-notes","time":101}
{"method":"GET","path":"/download-notes","time":125}
{"method":"GET","path":"/download-notes","time":132}
{"method":"GET","path":"/download-notes","time":117}
{"method":"GET","path":"/download-notes","time":128}
{"method":"GET","path":"/download-notes","time":207}
{"method":"GET","path":"/download-notes","time":194}
{"method":"GET","path":"/related","time":300}
{"method":"GET","path":"/user-profile","time":220}
{"method":"GET","path":"/read-list/auth/user","time":181}
{"method":"GET","path":"/related","time":247}
{"method":"GET","path":"/user-profile","time":190}
{"method":"GET","path":"/read-list/auth/user","time":193}
{"method":"GET","path":"/related","time":249}
{"method":"GET","path":"/related","time":477}
{"method":"GET","path":"/download-notes","time":127}
{"method":"GET","path":"/fav","time":245}
{"method":"GET","path":"/fav","time":248}
{"method":"GET","path":"/fav","time":251}
{"method":"GET","path":"/fav","time":267}
{"method":"GET","path":"/related","time":273}
{"method":"GET","path":"/read-list/auth/user","time":175}
{"method":"GET","path":"/user-profile","time":284}
{"method":"GET","path":"/download-notes","time":83}
{"method":"GET","path":"/user-profile","time":284}
{"method":"GET","path":"/read-list/auth/user","time":171}
{"method":"GET","path":"/read-list/auth/user","time":262}
{"method":"GET","path":"/read-list/auth/user","time":202}
{"method":"GET","path":"/read-list/auth/user","time":485}
{"method":"GET","path":"/read-list/auth/user","time":258}
{"method":"GET","path":"/user-profile","time":564}
{"method":"GET","path":"/read-list/auth/user","time":217}
{"method":"GET","path":"/related","time":308}
{"method":"GET","path":"/download-notes","time":176}
{"method":"GET","path":"/user-profile","time":326}
{"method":"GET","path":"/read-list/auth/user","time":171}
{"method":"GET","path":"/read-list/auth/user","time":166}
{"method":"GET","path":"/fav","time":274}
{"method":"GET","path":"/read-list/auth/user","time":197}
{"method":"DELETE","path":"/logout-user","time":324}
{"method":"GET","path":"/check-username/frenzy","time":442}
{"method":"GET","path":"/check-username/frenzycoder%20","time":137}
{"method":"GET","path":"/check-username/frenzycoder","time":95}
{"method":"GET","path":"/check-username/frenzycoder7","time":109}
{"method":"GET","path":"/check-username/gaurav4149singh@outlook.com%20","time":102}
{"method":"GET","path":"/check-username/gaurav4149singh@outlook.com","time":130}
{"method":"POST","path":"/request-ac-verification","time":2}
{"method":"POST","path":"/request-ac-verification","time":2761}
{"method":"POST","path":"/request-ac-verification","time":2278}
{"method":"GET","path":"/user-profile","time":133}
{"method":"POST","path":"/request-ac-verification","time":2048}
{"method":"POST","path":"/request-ac-verification","time":2225}
{"method":"POST","path":"/request-ac-verification","time":2380}
{"method":"POST","path":"/request-ac-verification","time":2229}
{"method":"POST","path":"/request-ac-verification","time":2266}
{"method":"GET","path":"/user-profile","time":147}
{"method":"POST","path":"/request-ac-verification","time":2414}
{"method":"GET","path":"/user-profile","time":301}
{"method":"POST","path":"/request-ac-verification","time":2516}
{"method":"POST","path":"/request-ac-verification","time":2657}
{"method":"GET","path":"/user-profile","time":118}
{"method":"POST","path":"/request-ac-verification","time":2167}
{"method":"GET","path":"/related","time":276}
{"method":"GET","path":"/download-notes","time":269}
{"method":"GET","path":"/read-list/auth/user","time":193}
{"method":"GET","path":"/read-list/auth/user","time":195}
{"method":"GET","path":"/related","time":321}
{"method":"GET","path":"/fav","time":140}
{"method":"GET","path":"/fav","time":146}
{"method":"GET","path":"/fav","time":285}
{"method":"GET","path":"/user-profile","time":573}
{"method":"GET","path":"/download-notes","time":151}
